{"/Users/liam/Documents/school/softwaredesign/project/backend/controllers/auth.js":{"path":"/Users/liam/Documents/school/softwaredesign/project/backend/controllers/auth.js","s":{"1":1,"2":1,"3":1,"4":1,"5":1,"6":1,"7":0,"8":0,"9":0,"10":0,"11":0,"12":0,"13":0,"14":0,"15":0,"16":0,"17":0,"18":1,"19":0,"20":0,"21":0,"22":0,"23":0,"24":0,"25":0,"26":0,"27":0,"28":0,"29":1,"30":0,"31":0,"32":1,"33":0,"34":0,"35":0,"36":0,"37":0},"b":{"1":[0,0],"2":[0,0],"3":[0,0],"4":[0,0],"5":[0,0,0],"6":[0,0]},"f":{},"fnMap":{},"statementMap":{"1":{"start":{"line":1,"column":0},"end":{"line":1,"column":39}},"2":{"start":{"line":2,"column":0},"end":{"line":2,"column":36}},"3":{"start":{"line":3,"column":0},"end":{"line":3,"column":42}},"4":{"start":{"line":4,"column":0},"end":{"line":4,"column":39}},"5":{"start":{"line":6,"column":0},"end":{"line":6,"column":27}},"6":{"start":{"line":8,"column":0},"end":{"line":30,"column":2}},"7":{"start":{"line":9,"column":4},"end":{"line":9,"column":26}},"8":{"start":{"line":11,"column":4},"end":{"line":11,"column":36}},"9":{"start":{"line":13,"column":4},"end":{"line":29,"column":7}},"10":{"start":{"line":14,"column":8},"end":{"line":18,"column":9}},"11":{"start":{"line":15,"column":12},"end":{"line":17,"column":15}},"12":{"start":{"line":20,"column":8},"end":{"line":20,"column":30}},"13":{"start":{"line":21,"column":8},"end":{"line":21,"column":41}},"14":{"start":{"line":23,"column":8},"end":{"line":23,"column":73}},"15":{"start":{"line":25,"column":8},"end":{"line":25,"column":61}},"16":{"start":{"line":27,"column":8},"end":{"line":27,"column":39}},"17":{"start":{"line":28,"column":8},"end":{"line":28,"column":60}},"18":{"start":{"line":32,"column":0},"end":{"line":58,"column":2}},"19":{"start":{"line":34,"column":4},"end":{"line":34,"column":44}},"20":{"start":{"line":35,"column":4},"end":{"line":57,"column":7}},"21":{"start":{"line":36,"column":8},"end":{"line":40,"column":9}},"22":{"start":{"line":37,"column":12},"end":{"line":39,"column":15}},"23":{"start":{"line":43,"column":8},"end":{"line":47,"column":9}},"24":{"start":{"line":44,"column":12},"end":{"line":46,"column":15}},"25":{"start":{"line":50,"column":8},"end":{"line":50,"column":74}},"26":{"start":{"line":52,"column":8},"end":{"line":52,"column":61}},"27":{"start":{"line":55,"column":8},"end":{"line":55,"column":39}},"28":{"start":{"line":56,"column":8},"end":{"line":56,"column":60}},"29":{"start":{"line":60,"column":0},"end":{"line":63,"column":2}},"30":{"start":{"line":61,"column":4},"end":{"line":61,"column":25}},"31":{"start":{"line":62,"column":4},"end":{"line":62,"column":45}},"32":{"start":{"line":66,"column":0},"end":{"line":70,"column":3}},"33":{"start":{"line":72,"column":0},"end":{"line":80,"column":2}},"34":{"start":{"line":73,"column":4},"end":{"line":73,"column":74}},"35":{"start":{"line":74,"column":4},"end":{"line":78,"column":5}},"36":{"start":{"line":75,"column":8},"end":{"line":77,"column":11}},"37":{"start":{"line":79,"column":4},"end":{"line":79,"column":11}}},"branchMap":{"1":{"line":14,"type":"if","locations":[{"start":{"line":14,"column":8},"end":{"line":14,"column":8}},{"start":{"line":14,"column":8},"end":{"line":14,"column":8}}]},"2":{"line":36,"type":"if","locations":[{"start":{"line":36,"column":8},"end":{"line":36,"column":8}},{"start":{"line":36,"column":8},"end":{"line":36,"column":8}}]},"3":{"line":36,"type":"binary-expr","locations":[{"start":{"line":36,"column":12},"end":{"line":36,"column":15}},{"start":{"line":36,"column":19},"end":{"line":36,"column":24}}]},"4":{"line":43,"type":"if","locations":[{"start":{"line":43,"column":8},"end":{"line":43,"column":8}},{"start":{"line":43,"column":8},"end":{"line":43,"column":8}}]},"5":{"line":73,"type":"binary-expr","locations":[{"start":{"line":73,"column":15},"end":{"line":73,"column":26}},{"start":{"line":73,"column":30},"end":{"line":73,"column":38}},{"start":{"line":73,"column":42},"end":{"line":73,"column":73}}]},"6":{"line":74,"type":"if","locations":[{"start":{"line":74,"column":4},"end":{"line":74,"column":4}},{"start":{"line":74,"column":4},"end":{"line":74,"column":4}}]}}}}