TN:
SF:/Users/liam/Documents/school/softwaredesign/project/backend/controllers/auth.js
FNF:0
FNH:0
DA:1,1
DA:2,1
DA:3,1
DA:4,1
DA:6,1
DA:8,1
DA:9,0
DA:11,0
DA:13,0
DA:14,0
DA:15,0
DA:20,0
DA:21,0
DA:23,0
DA:25,0
DA:27,0
DA:28,0
DA:32,1
DA:34,0
DA:35,0
DA:36,0
DA:37,0
DA:43,0
DA:44,0
DA:50,0
DA:52,0
DA:55,0
DA:56,0
DA:60,1
DA:61,0
DA:62,0
DA:66,1
DA:72,0
DA:73,0
DA:74,0
DA:75,0
DA:79,0
LF:37
LH:9
BRDA:14,1,0,0
BRDA:14,1,1,0
BRDA:36,2,0,0
BRDA:36,2,1,0
BRDA:36,3,0,0
BRDA:36,3,1,0
BRDA:43,4,0,0
BRDA:43,4,1,0
BRDA:73,5,0,0
BRDA:73,5,1,0
BRDA:73,5,2,0
BRDA:74,6,0,0
BRDA:74,6,1,0
BRF:13
BRH:0
end_of_record
